TN:
SF:/Users/tadeohernandezibarra/Projects/estimation-tool/src/components/EstimationSheet.vue
FN:198,(anonymous_1)
FN:199,(anonymous_2)
FN:200,(anonymous_3)
FN:201,(anonymous_4)
FN:202,(anonymous_5)
FN:213,(anonymous_6)
FN:216,(anonymous_7)
FN:219,(anonymous_8)
FN:222,(anonymous_9)
FNF:9
FNH:0
FNDA:0,(anonymous_1)
FNDA:0,(anonymous_2)
FNDA:0,(anonymous_3)
FNDA:0,(anonymous_4)
FNDA:0,(anonymous_5)
FNDA:0,(anonymous_6)
FNDA:0,(anonymous_7)
FNDA:0,(anonymous_8)
FNDA:0,(anonymous_9)
DA:178,1
DA:179,1
DA:180,1
DA:181,1
DA:182,1
DA:192,0
DA:198,0
DA:199,0
DA:200,0
DA:201,0
DA:202,0
DA:210,0
DA:213,0
DA:216,0
DA:219,0
DA:222,0
DA:225,0
DA:228,0
DA:231,0
DA:234,0
DA:237,0
DA:240,0
DA:243,0
DA:246,0
DA:249,0
DA:252,0
DA:257,0
DA:258,0
DA:260,0
DA:261,0
DA:263,0
DA:264,0
DA:266,0
DA:267,0
DA:269,0
DA:272,0
LF:36
LH:5
BRDA:259,0,0,0
BRDA:259,0,1,0
BRDA:259,0,2,0
BRF:3
BRH:0
end_of_record
TN:
SF:/Users/tadeohernandezibarra/Projects/estimation-tool/src/components/Header.vue
FN:59,(anonymous_1)
FN:60,(anonymous_2)
FNF:2
FNH:0
FNDA:0,(anonymous_1)
FNDA:0,(anonymous_2)
DA:35,1
DA:36,1
DA:37,1
DA:38,1
DA:47,0
DA:48,0
DA:52,0
DA:53,0
DA:54,0
DA:59,0
DA:60,0
DA:70,0
LF:12
LH:4
BRDA:53,0,0,0
BRDA:53,0,1,0
BRDA:70,1,0,0
BRDA:70,1,1,0
BRF:4
BRH:0
end_of_record
TN:
SF:/Users/tadeohernandezibarra/Projects/estimation-tool/src/components/LineChart.vue
FN:24,(anonymous_1)
FN:31,(anonymous_2)
FN:34,(anonymous_3)
FNF:3
FNH:0
FNDA:0,(anonymous_1)
FNDA:0,(anonymous_2)
FNDA:0,(anonymous_3)
DA:6,0
DA:8,0
DA:13,0
DA:17,0
DA:18,0
DA:19,0
DA:23,0
DA:24,0
DA:25,0
DA:29,0
DA:30,0
DA:31,0
DA:32,0
DA:33,0
DA:34,0
DA:35,0
DA:36,0
DA:39,0
DA:41,0
DA:44,0
DA:46,0
DA:47,0
DA:48,0
DA:50,0
DA:76,0
DA:78,0
LF:26
LH:0
BRDA:35,0,0,0
BRDA:35,0,1,0
BRF:2
BRH:0
end_of_record
TN:
SF:/Users/tadeohernandezibarra/Projects/estimation-tool/src/components/Loader.vue
FNF:0
FNH:0
DA:11,0
DA:16,0
DA:19,0
LF:3
LH:0
BRF:0
BRH:0
end_of_record
TN:
SF:/Users/tadeohernandezibarra/Projects/estimation-tool/src/components/RadarChart.vue
FN:48,(anonymous_1)
FNF:1
FNH:0
FNDA:0,(anonymous_1)
DA:9,0
DA:10,0
DA:12,0
DA:22,0
DA:32,0
DA:37,0
DA:41,0
DA:42,0
DA:46,0
DA:47,0
DA:48,0
DA:49,0
DA:50,0
DA:58,0
DA:61,0
DA:62,0
DA:63,0
LF:17
LH:0
BRF:0
BRH:0
end_of_record
TN:
SF:/Users/tadeohernandezibarra/Projects/estimation-tool/src/components/SprintModal.vue
FN:63,(anonymous_1)
FNF:1
FNH:0
FNDA:0,(anonymous_1)
DA:34,1
DA:35,1
DA:47,0
DA:51,0
DA:57,0
DA:58,0
DA:63,0
DA:66,0
LF:8
LH:2
BRF:0
BRH:0
end_of_record
TN:
SF:/Users/tadeohernandezibarra/Projects/estimation-tool/src/components/TimeIndicator.vue
FNF:0
FNH:0
DA:10,1
DA:17,0
DA:18,0
DA:19,0
DA:20,0
DA:22,0
LF:6
LH:1
BRDA:17,0,0,0
BRDA:17,0,1,0
BRDA:19,1,0,0
BRDA:19,1,1,0
BRF:4
BRH:0
end_of_record
TN:
SF:/Users/tadeohernandezibarra/Projects/estimation-tool/src/views/Data.vue
FNF:0
FNH:0
DA:14,0
DA:15,0
DA:16,0
LF:3
LH:0
BRF:0
BRH:0
end_of_record
TN:
SF:/Users/tadeohernandezibarra/Projects/estimation-tool/src/views/Home.vue
FNF:0
FNH:0
DA:9,0
LF:1
LH:0
BRF:0
BRH:0
end_of_record
TN:
SF:/Users/tadeohernandezibarra/Projects/estimation-tool/src/views/Login.vue
FNF:0
FNH:0
DA:21,0
DA:26,0
DA:33,0
DA:34,0
DA:35,0
LF:5
LH:0
BRDA:35,0,0,0
BRDA:35,0,1,0
BRF:2
BRH:0
end_of_record
TN:
SF:/Users/tadeohernandezibarra/Projects/estimation-tool/src/views/Setting.vue
FNF:0
FNH:0
DA:45,0
DA:57,0
DA:61,0
LF:3
LH:0
BRF:0
BRH:0
end_of_record
