TN:
SF:/Users/tadeohernandezibarra/Projects/estimation-tool/src/components/EstimationSheet.vue
FN:198,(anonymous_1)
FN:199,(anonymous_2)
FN:200,(anonymous_3)
FN:201,(anonymous_4)
FN:202,(anonymous_5)
FN:213,(anonymous_6)
FN:216,(anonymous_7)
FN:219,(anonymous_8)
FN:222,(anonymous_9)
FNF:9
FNH:9
FNDA:11,(anonymous_1)
FNDA:1,(anonymous_2)
FNDA:1,(anonymous_3)
FNDA:1,(anonymous_4)
FNDA:7,(anonymous_5)
FNDA:42,(anonymous_6)
FNDA:42,(anonymous_7)
FNDA:42,(anonymous_8)
FNDA:42,(anonymous_9)
DA:178,2
DA:179,2
DA:180,2
DA:181,2
DA:182,2
DA:192,7
DA:198,11
DA:199,1
DA:200,1
DA:201,1
DA:202,7
DA:210,7
DA:213,49
DA:216,49
DA:219,49
DA:222,49
DA:225,7
DA:228,7
DA:231,7
DA:234,7
DA:237,7
DA:240,7
DA:243,7
DA:246,7
DA:249,7
DA:252,7
DA:257,69
DA:258,69
DA:260,1
DA:261,1
DA:263,12
DA:264,12
DA:266,12
DA:267,12
DA:269,69
DA:272,68
LF:36
LH:36
BRDA:259,0,0,1
BRDA:259,0,1,12
BRDA:259,0,2,12
BRF:3
BRH:3
end_of_record
TN:
SF:/Users/tadeohernandezibarra/Projects/estimation-tool/src/components/Header.vue
FN:59,(anonymous_1)
FN:60,(anonymous_2)
FNF:2
FNH:2
FNDA:2,(anonymous_1)
FNDA:1,(anonymous_2)
DA:35,4
DA:36,4
DA:37,4
DA:38,4
DA:47,1
DA:48,1
DA:52,1
DA:53,1
DA:54,1
DA:59,2
DA:60,1
DA:70,5
LF:12
LH:12
BRDA:53,0,0,1
BRDA:53,0,1,0
BRDA:70,1,0,2
BRDA:70,1,1,1
BRF:4
BRH:3
end_of_record
TN:
SF:/Users/tadeohernandezibarra/Projects/estimation-tool/src/components/LineChart.vue
FN:24,(anonymous_1)
FN:31,(anonymous_2)
FN:34,(anonymous_3)
FNF:3
FNH:3
FNDA:1,(anonymous_1)
FNDA:7,(anonymous_2)
FNDA:7,(anonymous_3)
DA:6,2
DA:8,2
DA:13,1
DA:17,2
DA:18,2
DA:19,2
DA:23,1
DA:24,1
DA:25,1
DA:29,1
DA:30,1
DA:31,1
DA:32,7
DA:33,7
DA:34,7
DA:35,7
DA:36,7
DA:39,7
DA:41,1
DA:44,1
DA:46,1
DA:47,1
DA:48,1
DA:50,1
DA:76,1
DA:78,1
LF:26
LH:26
BRDA:35,0,0,7
BRDA:35,0,1,0
BRF:2
BRH:1
end_of_record
TN:
SF:/Users/tadeohernandezibarra/Projects/estimation-tool/src/components/Loader.vue
FNF:0
FNH:0
DA:11,0
DA:16,0
DA:19,0
LF:3
LH:0
BRF:0
BRH:0
end_of_record
TN:
SF:/Users/tadeohernandezibarra/Projects/estimation-tool/src/components/RadarChart.vue
FN:48,(anonymous_1)
FNF:1
FNH:1
FNDA:1,(anonymous_1)
DA:9,2
DA:10,2
DA:12,2
DA:22,2
DA:32,2
DA:37,1
DA:41,1
DA:42,1
DA:46,1
DA:47,1
DA:48,1
DA:49,1
DA:50,1
DA:58,1
DA:61,0
DA:62,0
DA:63,0
LF:17
LH:14
BRF:0
BRH:0
end_of_record
TN:
SF:/Users/tadeohernandezibarra/Projects/estimation-tool/src/components/SprintModal.vue
FN:57,(anonymous_1)
FNF:1
FNH:1
FNDA:2,(anonymous_1)
DA:34,5
DA:35,5
DA:41,1
DA:45,1
DA:51,1
DA:52,1
DA:57,2
DA:60,1
LF:8
LH:8
BRF:0
BRH:0
end_of_record
TN:
SF:/Users/tadeohernandezibarra/Projects/estimation-tool/src/components/TimeIndicator.vue
FNF:0
FNH:0
DA:10,3
DA:17,3
DA:18,1
DA:19,2
DA:20,1
DA:22,1
LF:6
LH:6
BRDA:17,0,0,1
BRDA:17,0,1,2
BRDA:19,1,0,1
BRDA:19,1,1,1
BRF:4
BRH:4
end_of_record
TN:
SF:/Users/tadeohernandezibarra/Projects/estimation-tool/src/views/Data.vue
FNF:0
FNH:0
DA:14,1
DA:15,1
DA:16,1
LF:3
LH:3
BRF:0
BRH:0
end_of_record
TN:
SF:/Users/tadeohernandezibarra/Projects/estimation-tool/src/views/Home.vue
FNF:0
FNH:0
DA:9,1
LF:1
LH:1
BRF:0
BRH:0
end_of_record
TN:
SF:/Users/tadeohernandezibarra/Projects/estimation-tool/src/views/Login.vue
FNF:0
FNH:0
DA:21,1
DA:26,2
DA:33,2
DA:34,2
DA:35,3
LF:5
LH:5
BRDA:35,0,0,1
BRDA:35,0,1,1
BRF:2
BRH:2
end_of_record
TN:
SF:/Users/tadeohernandezibarra/Projects/estimation-tool/src/views/Setting.vue
FNF:0
FNH:0
DA:45,3
DA:57,3
DA:61,1
LF:3
LH:3
BRF:0
BRH:0
end_of_record
